<?xml version="1.0" encoding="UTF-8" ?>
<testsuite errors="0" failures="0" hostname="PhongLeader" name="so_nguyen_toTest1" skipped="0" tests="8" time="0.064" timestamp="2015-12-26T06:23:57">
  <properties>
[...]
</properties>
  <testcase classname="so_nguyen_toTest1" name="unitTestCase_211" time="0.001" />
  <testcase classname="so_nguyen_toTest1" name="unitTestCase_12" time="0.0" />
  <testcase classname="so_nguyen_toTest1" name="unitTestCase_13" time="0.0" />
  <testcase classname="so_nguyen_toTest1" name="unitTestCase_19" time="0.0" />
  <testcase classname="so_nguyen_toTest1" name="unitTestCase_55" time="0.0" />
  <testcase classname="so_nguyen_toTest1" name="unitTestCase_99" time="0.0" />
  <testcase classname="so_nguyen_toTest1" name="unitTestCase_9" time="0.0" />
  <testcase classname="so_nguyen_toTest1" name="IntegrationTest" time="0.0" />
  <system-out><![CDATA[]]></system-out>
  <system-err><![CDATA[]]></system-err>
</testsuite>
